<?xml version="1.0" encoding="UTF-8"?>
<!-- Generated by org.testng.reporters.JUnitReportReporter -->
<testsuite skipped="1" hostname="DESKTOP-3S3P68U" name="CRUD.NonBDDAPICalls" tests="3" failures="0" timestamp="2024-07-20T08:06:17 IST" time="5.411" errors="0">
  <testcase name="getUser" time="0.535" classname="CRUD.NonBDDAPICalls"/>
  <system-out/>
  <testcase name="createUser" time="4.876" classname="CRUD.NonBDDAPICalls"/>
  <system-out/>
  <testcase name="getUserTypeRef" classname="CRUD.NonBDDAPICalls">
    <skipped/>
  </testcase> <!-- getUserTypeRef -->
  <system-out/>
</testsuite> <!-- CRUD.NonBDDAPICalls -->
