<?xml version="1.0" encoding="UTF-8"?>
<!-- Generated by org.testng.reporters.JUnitReportReporter -->
<testsuite skipped="0" hostname="DESKTOP-3S3P68U" name="HotelBooking.CreateToken" tests="2" failures="0" timestamp="2024-07-20T12:46:50 IST" time="8.755" errors="0">
  <testcase name="generateToken" time="6.034" classname="HotelBooking.CreateToken"/>
  <system-out/>
  <testcase name="generateTokenPOJO" time="2.721" classname="HotelBooking.CreateToken"/>
  <system-out/>
</testsuite> <!-- HotelBooking.CreateToken -->
