<?xml version="1.0" encoding="UTF-8"?>
<!-- Generated by org.testng.reporters.JUnitReportReporter -->
<testsuite skipped="0" hostname="DESKTOP-3S3P68U" name="CRUD.NonBDDGet" tests="1" failures="0" timestamp="2024-07-06T08:38:15 IST" time="5.254" errors="0">
  <testcase name="createUser" time="5.254" classname="CRUD.NonBDDGet"/>
  <system-out/>
</testsuite> <!-- CRUD.NonBDDGet -->
