<?xml version="1.0" encoding="UTF-8"?>
<!-- Generated by org.testng.reporters.JUnitReportReporter -->
<testsuite skipped="0" hostname="DESKTOP-3S3P68U" name="CRUD.NonBDDGetPost" tests="1" failures="0" timestamp="2024-07-06T09:50:52 IST" time="3.355" errors="0">
  <testcase name="getUserJayway" time="3.355" classname="CRUD.NonBDDGetPost"/>
  <system-out/>
</testsuite> <!-- CRUD.NonBDDGetPost -->
