<?xml version="1.0" encoding="UTF-8"?>
<!-- Generated by org.testng.reporters.JUnitReportReporter -->
<testsuite skipped="0" hostname="DESKTOP-3S3P68U" name="CRUD.HotelBookerApi" tests="4" failures="0" timestamp="2024-07-07T09:32:36 IST" time="9.574" errors="0">
  <testcase name="createToken" time="5.542" classname="CRUD.HotelBookerApi"/>
  <system-out/>
  <testcase name="createBooking" time="1.339" classname="CRUD.HotelBookerApi"/>
  <system-out/>
  <testcase name="getBooking" time="1.366" classname="CRUD.HotelBookerApi"/>
  <system-out/>
  <testcase name="updateBooking" time="1.327" classname="CRUD.HotelBookerApi"/>
  <system-out/>
</testsuite> <!-- CRUD.HotelBookerApi -->
