<?xml version="1.0" encoding="UTF-8"?>
<!-- Generated by org.testng.reporters.JUnitReportReporter -->
<testsuite skipped="0" hostname="DESKTOP-3S3P68U" name="CRUD.JayWayJsonPath" tests="1" failures="0" timestamp="2024-07-06T11:51:43 IST" time="2.944" errors="0">
  <testcase name="getUserJayway" time="2.944" classname="CRUD.JayWayJsonPath"/>
  <system-out/>
</testsuite> <!-- CRUD.JayWayJsonPath -->
