<?xml version="1.0" encoding="UTF-8"?>
<!-- Generated by org.testng.reporters.JUnitReportReporter -->
<testsuite skipped="0" hostname="DESKTOP-3S3P68U" name="APITests.XMLTest" tests="2" failures="0" timestamp="2024-08-11T09:12:44 IST" time="7.708" errors="0">
  <testcase name="postTest" time="6.200" classname="APITests.XMLTest"/>
  <system-out/>
  <testcase name="xmlPojoTest" time="1.508" classname="APITests.XMLTest"/>
  <system-out/>
</testsuite> <!-- APITests.XMLTest -->
