<?xml version="1.0" encoding="UTF-8"?>
<!-- Generated by org.testng.reporters.JUnitReportReporter -->
<testsuite skipped="0" hostname="DESKTOP-3S3P68U" name="HotelBooking.CreateToken" tests="3" failures="0" timestamp="2024-07-21T12:16:42 IST" time="9.093" errors="0">
  <testcase name="generateTokenUsingMapper" time="1.344" classname="HotelBooking.CreateToken"/>
  <system-out/>
  <testcase name="generateTokenPOJO" time="2.074" classname="HotelBooking.CreateToken"/>
  <system-out/>
  <testcase name="generateTokenGSON" time="5.675" classname="HotelBooking.CreateToken"/>
  <system-out/>
</testsuite> <!-- HotelBooking.CreateToken -->
