<?xml version="1.0" encoding="UTF-8"?>
<!-- Generated by org.testng.reporters.JUnitReportReporter -->
<testsuite skipped="0" hostname="DESKTOP-3S3P68U" name="CRUD.ListUsers" tests="3" failures="0" timestamp="2024-07-07T08:38:39 IST" time="5.787" errors="0">
  <testcase name="listUser" time="4.656" classname="CRUD.ListUsers"/>
  <system-out/>
  <testcase name="listUserDetails" time="0.400" classname="CRUD.ListUsers"/>
  <system-out/>
  <testcase name="listUserDetailsBDD" time="0.731" classname="CRUD.ListUsers"/>
  <system-out/>
</testsuite> <!-- CRUD.ListUsers -->
