<?xml version="1.0" encoding="UTF-8"?>
<!-- Generated by org.testng.reporters.JUnitReportReporter -->
<testsuite skipped="0" hostname="DESKTOP-3S3P68U" name="APITests.DataDrivenAPITest" tests="3" failures="0" timestamp="2024-07-28T08:59:23 IST" time="0.026" errors="0">
  <testcase name="dataDriven" time="0.011" classname="APITests.DataDrivenAPITest"/>
  <system-out/>
  <testcase name="dataDriven" time="0.006" classname="APITests.DataDrivenAPITest"/>
  <system-out/>
  <testcase name="dataDriven1" time="0.009" classname="APITests.DataDrivenAPITest"/>
  <system-out/>
</testsuite> <!-- APITests.DataDrivenAPITest -->
