<?xml version="1.0" encoding="UTF-8"?>
<!-- Generated by org.testng.reporters.JUnitReportReporter -->
<testsuite skipped="0" hostname="DESKTOP-3S3P68U" name="CRUD.RequestSpecBuilderTest" tests="3" failures="0" timestamp="2024-07-20T09:04:04 IST" time="4.239" errors="0">
  <testcase name="getUserRequestResponseSpecBuilder" time="0.578" classname="CRUD.RequestSpecBuilderTest"/>
  <system-out/>
  <testcase name="getUserGson" time="3.316" classname="CRUD.RequestSpecBuilderTest"/>
  <system-out/>
  <testcase name="getUserSpec" time="0.345" classname="CRUD.RequestSpecBuilderTest"/>
  <system-out/>
</testsuite> <!-- CRUD.RequestSpecBuilderTest -->
